0 info it worked if it ends with ok
1 verbose cli [ '/home/viktor/.nvm/versions/node/v4.1.0/bin/node',
1 verbose cli   '/home/viktor/.nvm/versions/node/v4.1.0/bin/npm',
1 verbose cli   'start' ]
2 info using npm@2.14.3
3 info using node@v4.1.0
4 verbose stack Error: missing script: start
4 verbose stack     at run (/home/viktor/.nvm/versions/node/v4.1.0/lib/node_modules/npm/lib/run-script.js:142:19)
4 verbose stack     at /home/viktor/.nvm/versions/node/v4.1.0/lib/node_modules/npm/lib/run-script.js:58:5
4 verbose stack     at /home/viktor/.nvm/versions/node/v4.1.0/lib/node_modules/npm/node_modules/read-package-json/read-json.js:345:5
4 verbose stack     at checkBinReferences_ (/home/viktor/.nvm/versions/node/v4.1.0/lib/node_modules/npm/node_modules/read-package-json/read-json.js:309:45)
4 verbose stack     at final (/home/viktor/.nvm/versions/node/v4.1.0/lib/node_modules/npm/node_modules/read-package-json/read-json.js:343:3)
4 verbose stack     at then (/home/viktor/.nvm/versions/node/v4.1.0/lib/node_modules/npm/node_modules/read-package-json/read-json.js:113:5)
4 verbose stack     at /home/viktor/.nvm/versions/node/v4.1.0/lib/node_modules/npm/node_modules/read-package-json/read-json.js:232:12
4 verbose stack     at FSReqWrap.readFileAfterClose [as oncomplete] (evalmachine.<anonymous>:380:3)
5 verbose cwd /home/viktor/workspace/microstar/microstar-track/src
6 error Linux 3.16.0-50-generic
7 error argv "/home/viktor/.nvm/versions/node/v4.1.0/bin/node" "/home/viktor/.nvm/versions/node/v4.1.0/bin/npm" "start"
8 error node v4.1.0
9 error npm  v2.14.3
10 error missing script: start
11 error If you need help, you may report this error at:
11 error     <https://github.com/npm/npm/issues>
12 verbose exit [ 1, true ]
